<?xml version="1.0" encoding="UTF-8"?>
<testsuite name="AppTest" tests="2" skipped="0" failures="0" errors="0" timestamp="2016-02-11T17:04:44" hostname="epicodus-50.local" time="0.01">
  <properties/>
  <testcase name="countCoins_countPennies_returnNumberOfPennies" classname="AppTest" time="0.003"/>
  <testcase name="countCoins_countQuarters_returnNumberOfQuarters" classname="AppTest" time="0.0"/>
  <system-out><![CDATA[]]></system-out>
  <system-err><![CDATA[]]></system-err>
</testsuite>
