<?xml version="1.0" encoding="UTF-8"?>
<testsuite name="AppTest" tests="1" skipped="0" failures="0" errors="0" timestamp="2016-02-11T16:35:29" hostname="epicodus-50.local" time="0.002">
  <properties/>
  <testcase name="countCoins_countPennies_returnNumberOfPennies" classname="AppTest" time="0.002"/>
  <system-out><![CDATA[]]></system-out>
  <system-err><![CDATA[]]></system-err>
</testsuite>
